<?xml version="1.0" encoding="UTF-8"?>
<testsuites name="jest tests" tests="1" failures="0" errors="0" time="5.67">
  <testsuite name="undefined" errors="0" failures="0" skipped="0" timestamp="2024-04-10T06:30:06" time="5.166" tests="1">
    <testcase classname=" install rxjs" name=" install rxjs" time="0.108">
    </testcase>
  </testsuite>
</testsuites>