<?xml version="1.0" encoding="UTF-8"?>
<testsuites name="jest tests" tests="1" failures="0" errors="0" time="8.885">
  <testsuite name="undefined" errors="0" failures="0" skipped="0" timestamp="2024-07-05T08:06:53" time="7.93" tests="1">
    <testcase classname=" install bootstrap" name=" install bootstrap" time="0.173">
    </testcase>
  </testsuite>
</testsuites>